<?xml version="1.0" encoding="UTF-8"?>
<!-- Generated by org.testng.reporters.JUnitXMLReporter -->
<testsuite ignored="2" hostname="Leti" failures="0" tests="2" name="Testing all 37 Sales Force Test cases" time="48.222" errors="0" timestamp="2023-02-19T22:47:15 PST">
  <testcase classname="salesForceLeti.tc17OpportunityReport" name="OpportunityReport" time="19.389"/>
  <testcase classname="salesForceLeti.tc18StuckedOpportunityReport" name="StuckedOpportunityReport" time="18.815"/>
  <testcase classname="salesForceLeti.BaseAction" name="@AfterTest endReportAfterTest" time="0.0">
    <ignored/>
  </testcase> <!-- @AfterTest endReportAfterTest -->
  <testcase classname="salesForceLeti.BaseAction" name="@BeforeTest setUpBeforeTest" time="0.0">
    <ignored/>
  </testcase> <!-- @BeforeTest setUpBeforeTest -->
</testsuite> <!-- Testing all 37 Sales Force Test cases -->
